<?xml version="1.0" encoding="UTF-8"?>
<testsuite xmlns:xsi="http://www.w3.org/2001/XMLSchema-instance" xsi:noNamespaceSchemaLocation="https://maven.apache.org/surefire/maven-surefire-plugin/xsd/surefire-test-report-3.0.xsd" version="3.0" name="stepdefinitions.TestRunner" time="1.481" tests="3" errors="0" skipped="0" failures="0">
  <properties>
[...]
</properties>
  <testcase name="Send OTP Validation" classname="Login Feature" time="0.882">
    <system-out><![CDATA[
Scenario: Send OTP Validation          &amp#27;[90m# src/test/resources/features/login.feature:6&amp#27;[0m
  &amp#27;[32mGiven &amp#27;[0m&amp#27;[32mI am on the login page&amp#27;[0m         &amp#27;[90m# stepdefinitions.SendOTPStepDefinitions.iAmOnLoginPage()&amp#27;[0m
  &amp#27;[32mWhen &amp#27;[0m&amp#27;[32mI send OTP for game &amp#27;[0m&amp#27;[32m&amp#27;[1m"bgmi"&amp#27;[0m      &amp#27;[90m# stepdefinitions.SendOTPStepDefinitions.iSendOTPForGame(java.lang.String)&amp#27;[0m
{"message":"Otp Sent","provider":"GUPSHUP"}
  &amp#27;[32mThen &amp#27;[0m&amp#27;[32mOTP should be sent successfully&amp#27;[0m &amp#27;[90m# stepdefinitions.SendOTPStepDefinitions.otpShouldBeSentSuccessfully()&amp#27;[0m
]]></system-out>
  </testcase>
  <testcase name="Verify OTP Validation" classname="Login Feature" time="0.157">
    <system-out><![CDATA[
Scenario: Verify OTP Validation            &amp#27;[90m# src/test/resources/features/login.feature:11&amp#27;[0m
  &amp#27;[32mGiven &amp#27;[0m&amp#27;[32mI am on the OTP verification page&amp#27;[0m  &amp#27;[90m# stepdefinitions.VerifyOTPStepDefinitions.iAmOnOTPVerificationPage()&amp#27;[0m
  &amp#27;[32mWhen &amp#27;[0m&amp#27;[32mI verify OTP &amp#27;[0m&amp#27;[32m&amp#27;[1m"5555"&amp#27;[0m&amp#27;[32m for game &amp#27;[0m&amp#27;[32m&amp#27;[1m"bgmi"&amp#27;[0m &amp#27;[90m# stepdefinitions.VerifyOTPStepDefinitions.iVerifyOTPForGame(java.lang.String,java.lang.String)&amp#27;[0m
{"access_token":"eyJhbGciOiJIUzI1NiIsInR5cCI6IkpXVCJ9.eyJiZ21pUHJvZmlsZUlkIjo0Mzc5MjksImV4cCI6MTcxMjU1NjkzNCwiZnJlZWZpcmVQcm9maWxlSWQiOjQzNzkzOCwiaWF0IjoxNzA5OTY0OTM0LCJpZCI6NTA5NjIxfQ.cEE7ilLKT7QJz5llbqg9TaliJakrdEiddIEY7SpCfek","firebase_token":"eyJhbGciOiJSUzI1NiIsInR5cCI6IkpXVCJ9.eyJpc3MiOiJmaXJlYmFzZS1hZG1pbnNkay1teGcyc0BzdGFuLXJuLmlhbS5nc2VydmljZWFjY291bnQuY29tIiwiYXVkIjoiaHR0cHM6Ly9pZGVudGl0eXRvb2xraXQuZ29vZ2xlYXBpcy5jb20vZ29vZ2xlLmlkZW50aXR5LmlkZW50aXR5dG9vbGtpdC52MS5JZGVudGl0eVRvb2xraXQiLCJleHAiOjE3MDk5Njg1MzQsImlhdCI6MTcwOTk2NDkzNCwic3ViIjoiZmlyZWJhc2UtYWRtaW5zZGstbXhnMnNAc3Rhbi1ybi5pYW0uZ3NlcnZpY2VhY2NvdW50LmNvbSIsInVpZCI6IjUwOTYyMSJ9.BskXT9KVXXoS18NnU68gbBt9k6FhqF9CuTFwYWOW89wb4TeStMxQYF56vlrjaTflzbvgTei1iqoMdrSJGwIYDe43P1QFb26l7RsRaxmyfqntVud10tyG_KI58HW_qSD-jKYN3Q5pHZx-gDsT9PFNtEz7jSayW7OpANtGk4FeLpUMgVnhBeiMJIIUQxfQeGELciqUDEmVVSKCid8j3_bOBt-K8KqfTwkxETK-RJAUDRT5dSPiSQonvVb1r8U4vW9UIZN8q7iz5IeFtGuNsUbeh2Rxi_CsaqY2w3HOM8wSbO9No0Klz01wjw3C9rvFk5Hxrdgw-GQbufw4taRQssb6-g","isFirstProfileCreated":true,"isNewUser":false,"isOnboardingCompleted":true,"nftCount":6,"refresh_token":"eyJhbGciOiJIUzI1NiIsInR5cCI6IkpXVCJ9.eyJiZ21pUHJvZmlsZUlkIjo0Mzc5MjksImV4cCI6MTcxNzc0MDkzNCwiZnJlZWZpcmVQcm9maWxlSWQiOjQzNzkzOCwiaWF0IjoxNzA5OTY0OTM0LCJpZCI6NTA5NjIxfQ.IsnpkFuriFga_XS5u3Eam7-5ablyQT8QsIPZJSYeF30","user":{"bgmiProfileId":437929,"bio":"Ghhfhgjghugugy ghgjhfhhhdjjjh gyvycycctxtxtxtctctxtxtuvuhdhd","coverPic":"","deviceId":"36e27f877d1a7c25","email":"","emailVerified":false,"freefireProfileId":437938,"gameId":"freefire","id":509621,"name":"Opgamer","phone":"+919999999999","phoneNumberVerified":1,"profileId":437938,"profilePic":"","referralCode":"7PGNE509","username":"Y0Z1OZAN"}}
  &amp#27;[32mThen &amp#27;[0m&amp#27;[32mOTP should be verified successfully&amp#27;[0m &amp#27;[90m# stepdefinitions.VerifyOTPStepDefinitions.otpShouldBeVerifiedSuccessfully()&amp#27;[0m
]]></system-out>
  </testcase>
  <testcase name="Select Game Validation" classname="Login Feature" time="0.141">
    <system-out><![CDATA[
Scenario: Select Game Validation            &amp#27;[90m# src/test/resources/features/login.feature:16&amp#27;[0m
  &amp#27;[32mGiven &amp#27;[0m&amp#27;[32mI am on the game selection page&amp#27;[0m     &amp#27;[90m# stepdefinitions.SelectGameStepDefinitions.iAmOnGameSelectionPage()&amp#27;[0m
  &amp#27;[32mWhen &amp#27;[0m&amp#27;[32mI select game &amp#27;[0m&amp#27;[32m&amp#27;[1m"bgmi"&amp#27;[0m                 &amp#27;[90m# stepdefinitions.SelectGameStepDefinitions.iSelectGame(java.lang.String)&amp#27;[0m
{"status": 400, "message": "Please update your app to latest version from Google Play Store"}
  &amp#27;[32mThen &amp#27;[0m&amp#27;[32mGame should be selected successfully&amp#27;[0m &amp#27;[90m# stepdefinitions.SelectGameStepDefinitions.gameShouldBeSelectedSuccessfully()&amp#27;[0m
]]></system-out>
  </testcase>
</testsuite>