<?xml version="1.0" encoding="UTF-8"?>
<testsuite xmlns:xsi="http://www.w3.org/2001/XMLSchema-instance" xsi:noNamespaceSchemaLocation="https://maven.apache.org/surefire/maven-surefire-plugin/xsd/surefire-test-report-3.0.xsd" version="3.0" name="stepdefinitions.TestRunner" time="1.538" tests="3" errors="0" skipped="0" failures="0">
  <properties>
[...]
</properties>
  <testcase name="Send OTP Validation" classname="Login Feature" time="0.911">
    <system-out><![CDATA[
Scenario: Send OTP Validation          &amp#27;[90m# src/test/resources/features/login.feature:6&amp#27;[0m
  &amp#27;[32mGiven &amp#27;[0m&amp#27;[32mI am on the login page&amp#27;[0m         &amp#27;[90m# stepdefinitions.SendOTPStepDefinitions.iAmOnLoginPage()&amp#27;[0m
  &amp#27;[32mWhen &amp#27;[0m&amp#27;[32mI send OTP for game &amp#27;[0m&amp#27;[32m&amp#27;[1m"bgmi"&amp#27;[0m      &amp#27;[90m# stepdefinitions.SendOTPStepDefinitions.iSendOTPForGame(java.lang.String)&amp#27;[0m
{"message":"Otp Sent","provider":"GUPSHUP"}
  &amp#27;[32mThen &amp#27;[0m&amp#27;[32mOTP should be sent successfully&amp#27;[0m &amp#27;[90m# stepdefinitions.SendOTPStepDefinitions.otpShouldBeSentSuccessfully()&amp#27;[0m
]]></system-out>
  </testcase>
  <testcase name="Verify OTP Validation" classname="Login Feature" time="0.152">
    <system-out><![CDATA[
Scenario: Verify OTP Validation            &amp#27;[90m# src/test/resources/features/login.feature:11&amp#27;[0m
  &amp#27;[32mGiven &amp#27;[0m&amp#27;[32mI am on the OTP verification page&amp#27;[0m  &amp#27;[90m# stepdefinitions.VerifyOTPStepDefinitions.iAmOnOTPVerificationPage()&amp#27;[0m
  &amp#27;[32mWhen &amp#27;[0m&amp#27;[32mI verify OTP &amp#27;[0m&amp#27;[32m&amp#27;[1m"5555"&amp#27;[0m&amp#27;[32m for game &amp#27;[0m&amp#27;[32m&amp#27;[1m"bgmi"&amp#27;[0m &amp#27;[90m# stepdefinitions.VerifyOTPStepDefinitions.iVerifyOTPForGame(java.lang.String,java.lang.String)&amp#27;[0m
{"access_token":"eyJhbGciOiJIUzI1NiIsInR5cCI6IkpXVCJ9.eyJiZ21pUHJvZmlsZUlkIjo0Mzc5MjksImV4cCI6MTcxMjU1ODYzOSwiZnJlZWZpcmVQcm9maWxlSWQiOjQzNzkzOCwiaWF0IjoxNzA5OTY2NjM5LCJpZCI6NTA5NjIxfQ.TPOXZzSXzo3YbYogWAF1fEryJxNTrkYkKscYKkzLqM4","firebase_token":"eyJhbGciOiJSUzI1NiIsInR5cCI6IkpXVCJ9.eyJpc3MiOiJmaXJlYmFzZS1hZG1pbnNkay1teGcyc0BzdGFuLXJuLmlhbS5nc2VydmljZWFjY291bnQuY29tIiwiYXVkIjoiaHR0cHM6Ly9pZGVudGl0eXRvb2xraXQuZ29vZ2xlYXBpcy5jb20vZ29vZ2xlLmlkZW50aXR5LmlkZW50aXR5dG9vbGtpdC52MS5JZGVudGl0eVRvb2xraXQiLCJleHAiOjE3MDk5NzAyMzksImlhdCI6MTcwOTk2NjYzOSwic3ViIjoiZmlyZWJhc2UtYWRtaW5zZGstbXhnMnNAc3Rhbi1ybi5pYW0uZ3NlcnZpY2VhY2NvdW50LmNvbSIsInVpZCI6IjUwOTYyMSJ9.REgh01slBF4l9We4vlqG4_jBM2dMUuGIuKx0WvIIg4SsiGw4tC3B7zIGXutMH2_u63MC2ZTxgZFvvBmRcjRSeY0P7JA2l5l4PtOefmo0x0hvtxX9b6rpNLRz4EFNsLmYc-_GrTZgV85HjqyAMbfqbJ36FQ_PLHU4rJzL9i0t-2k7MyyzacXRxEIToTySuzQoergzNQPFcP2wRJexi9BY_N5osNuGXU_OWCaTT2WMCe0uO6u63RMm61m09R2KzJvJd3v_Gwk_ZEqqd7wRtV0PVVGsGQsjOZGB4c-rUq3hjlZqLKNM8mYb8IKDmUyq8oOeBhx3H8t4HqIP3kG5OPSmKg","isFirstProfileCreated":true,"isNewUser":false,"isOnboardingCompleted":true,"nftCount":6,"refresh_token":"eyJhbGciOiJIUzI1NiIsInR5cCI6IkpXVCJ9.eyJiZ21pUHJvZmlsZUlkIjo0Mzc5MjksImV4cCI6MTcxNzc0MjYzOSwiZnJlZWZpcmVQcm9maWxlSWQiOjQzNzkzOCwiaWF0IjoxNzA5OTY2NjM5LCJpZCI6NTA5NjIxfQ.ih2mRX3tYX_DIbzvg8AQL953PpsxtkHkJ0uB62dBvIM","user":{"bgmiProfileId":437929,"bio":"Ghhfhgjghugugy ghgjhfhhhdjjjh gyvycycctxtxtxtctctxtxtuvuhdhd","coverPic":"","deviceId":"36e27f877d1a7c25","email":"","emailVerified":false,"freefireProfileId":437938,"gameId":"freefire","id":509621,"name":"Opgamer","phone":"+919999999999","phoneNumberVerified":1,"profileId":437938,"profilePic":"","referralCode":"7PGNE509","username":"Y0Z1OZAN"}}
  &amp#27;[32mThen &amp#27;[0m&amp#27;[32mOTP should be verified successfully&amp#27;[0m &amp#27;[90m# stepdefinitions.VerifyOTPStepDefinitions.otpShouldBeVerifiedSuccessfully()&amp#27;[0m
]]></system-out>
  </testcase>
  <testcase name="Select Game Validation" classname="Login Feature" time="0.159">
    <system-out><![CDATA[
Scenario: Select Game Validation            &amp#27;[90m# src/test/resources/features/login.feature:16&amp#27;[0m
  &amp#27;[32mGiven &amp#27;[0m&amp#27;[32mI am on the game selection page&amp#27;[0m     &amp#27;[90m# stepdefinitions.SelectGameStepDefinitions.iAmOnGameSelectionPage()&amp#27;[0m
  &amp#27;[32mWhen &amp#27;[0m&amp#27;[32mI select game &amp#27;[0m&amp#27;[32m&amp#27;[1m"bgmi"&amp#27;[0m                 &amp#27;[90m# stepdefinitions.SelectGameStepDefinitions.iSelectGame(java.lang.String)&amp#27;[0m
{"error":"Unauthorized","message":"Unauthorized","statusCode":401}
  &amp#27;[32mThen &amp#27;[0m&amp#27;[32mGame should be selected successfully&amp#27;[0m &amp#27;[90m# stepdefinitions.SelectGameStepDefinitions.gameShouldBeSelectedSuccessfully()&amp#27;[0m
]]></system-out>
  </testcase>
</testsuite>